<?xml version="1.0" encoding="UTF-8"?>
<!-- Generated by org.testng.reporters.JUnitReportReporter -->
<testsuite skipped="0" hostname="DESKTOP-9EP8MOL" name="cmpte2e.e2e.dataprovidertest" tests="2" failures="0" timestamp="31 Mar 2021 05:12:43 GMT" time="118.378" errors="0">
  <testcase name="dataprovider" time="47.438" classname="cmpte2e.e2e.dataprovidertest"/>
  <testcase name="dataprovider" time="70.940" classname="cmpte2e.e2e.dataprovidertest"/>
</testsuite> <!-- cmpte2e.e2e.dataprovidertest -->
