<?xml version="1.0" encoding="UTF-8"?>
<!-- Generated by org.testng.reporters.JUnitReportReporter -->
<testsuite skipped="0" hostname="DESKTOP-9EP8MOL" name="cmpte2e.e2e.datepicker" tests="1" failures="0" timestamp="31 Mar 2021 04:35:16 GMT" time="25.770" errors="0">
  <testcase name="date" time="25.770" classname="cmpte2e.e2e.datepicker"/>
</testsuite> <!-- cmpte2e.e2e.datepicker -->
