<?xml version="1.0" encoding="UTF-8"?>
<!-- Generated by org.testng.reporters.JUnitReportReporter -->
<testsuite skipped="0" hostname="DESKTOP-9EP8MOL" name="cmpte2e.e2e.selectdate" tests="1" failures="0" timestamp="31 Mar 2021 09:46:39 GMT" time="99.842" errors="0">
  <testcase name="date" time="99.842" classname="cmpte2e.e2e.selectdate"/>
</testsuite> <!-- cmpte2e.e2e.selectdate -->
