<?xml version="1.0" encoding="UTF-8"?>
<!-- Generated by org.testng.reporters.JUnitReportReporter -->
<testsuite skipped="0" hostname="DESKTOP-9EP8MOL" name="cmpte2e.e2e.alertboxhandling" tests="1" failures="0" timestamp="30 Mar 2021 09:03:45 GMT" time="42.611" errors="0">
  <testcase name="alert" time="42.611" classname="cmpte2e.e2e.alertboxhandling"/>
</testsuite> <!-- cmpte2e.e2e.alertboxhandling -->
