<?xml version="1.0" encoding="UTF-8"?>
<!-- Generated by org.testng.reporters.JUnitReportReporter -->
<testsuite skipped="0" hostname="DESKTOP-9EP8MOL" name="cmpte2e.e2e.validatetext" tests="1" failures="0" timestamp="06 Mar 2021 12:31:36 GMT" time="18.994" errors="0">
  <testcase name="validate" time="18.994" classname="cmpte2e.e2e.validatetext"/>
</testsuite> <!-- cmpte2e.e2e.validatetext -->
