<?xml version="1.0" encoding="UTF-8"?>
<!-- Generated by org.testng.reporters.JUnitReportReporter -->
<testsuite skipped="0" hostname="DESKTOP-9EP8MOL" name="cmpte2e.e2e.loginnaukri" tests="1" failures="0" timestamp="31 Mar 2021 12:40:23 GMT" time="161.178" errors="0">
  <testcase name="login" time="161.178" classname="cmpte2e.e2e.loginnaukri"/>
</testsuite> <!-- cmpte2e.e2e.loginnaukri -->
