<?xml version="1.0" encoding="UTF-8"?>
<!-- Generated by org.testng.reporters.JUnitReportReporter -->
<testsuite skipped="0" hostname="DESKTOP-9EP8MOL" name="cmpte2e.e2e.validateWndowhandle" tests="1" failures="0" timestamp="30 Mar 2021 09:45:36 GMT" time="54.255" errors="0">
  <testcase name="handlewindow" time="54.255" classname="cmpte2e.e2e.validateWndowhandle"/>
</testsuite> <!-- cmpte2e.e2e.validateWndowhandle -->
