<?xml version="1.0" encoding="UTF-8"?>
<!-- Generated by org.testng.reporters.JUnitReportReporter -->
<testsuite skipped="0" hostname="DESKTOP-9EP8MOL" name="cmpte2e.e2e.homepage" tests="1" failures="0" timestamp="06 Mar 2021 12:31:36 GMT" time="22.714" errors="0">
  <testcase name="basepageNavigator" time="22.714" classname="cmpte2e.e2e.homepage"/>
</testsuite> <!-- cmpte2e.e2e.homepage -->
